error: src refspec main does not match any
error: failed to push some refs to 'https://github.com/R-Damanhuri/radiant-projects.git'
Sat Feb 14 02:12:09 PM WIB 2026: No changes to commit
Sat Feb 14 02:12:45 PM WIB 2026: No changes to commit
Already on branch 'main'
[main 9edf29e] Auto backup Radiant Projects 2026-02-15
 1 file changed, 1 insertion(+)
To https://github.com/R-Damanhuri/radiant-projects.git
   a900c07..9edf29e  main -> main
Backup completed for Radiant Projects
2026-02-16 02:00:02 WIB: === Starting backup for Radiant Projects ===
2026-02-16 02:00:02 WIB: Already on branch 'main'
2026-02-16 02:00:02 WIB: Adding changes to git...
2026-02-16 02:00:02 WIB: Committing changes: Auto backup Radiant Projects 2026-02-16
2026-02-16 02:00:02 WIB: git: [main 8a2d464] Auto backup Radiant Projects 2026-02-16
2026-02-16 02:00:02 WIB: git: 1 file changed, 8 insertions(+)
2026-02-16 02:00:02 WIB: Attempting git push (attempt 1/3)...
To https://github.com/R-Damanhuri/radiant-projects.git
   9edf29e..8a2d464  main -> main
2026-02-16 02:00:03 WIB: git: To https://github.com/R-Damanhuri/radiant-projects.git
2026-02-16 02:00:03 WIB: git: 9edf29e..8a2d464  main -> main
2026-02-16 02:00:03 WIB: Backup completed successfully for Radiant Projects
2026-02-16 02:00:03 WIB: === Backup completed ===
2026-02-17 02:00:01 WIB: === Starting backup for Radiant Projects ===
2026-02-17 02:00:01 WIB: Already on branch 'main'
2026-02-17 02:00:01 WIB: Adding changes to git...
